[INFO] Scanning for projects...
[INFO] 
[INFO] ---------------------< com.goimay:goimay-backend >----------------------
[INFO] Building Goi May Vietnam Backend 1.0.0
[INFO]   from pom.xml
[INFO] --------------------------------[ jar ]---------------------------------
[WARNING] The artifact mysql:mysql-connector-java:jar:8.0.33 has been relocated to com.mysql:mysql-connector-j:jar:8.0.33: MySQL Connector/J artifacts moved to reverse-DNS compliant Maven 2+ coordinates.
[INFO] 
[INFO] --- clean:3.3.2:clean (default-clean) @ goimay-backend ---
[INFO] Deleting D:\EXE201\backend\target
[INFO] 
[INFO] --- resources:3.3.1:copy-resources (copy-data-folder) @ goimay-backend ---
[INFO] Copying 2 resources from data to target\data
[INFO] 
[INFO] --- resources:3.3.1:copy-resources (copy-uploads-folder) @ goimay-backend ---
[INFO] Copying 51 resources from uploads to target\uploads
[INFO] 
[INFO] --- resources:3.3.1:resources (default-resources) @ goimay-backend ---
[INFO] Copying 1 resource from src\main\resources to target\classes
[INFO] Copying 0 resource from src\main\resources to target\classes
[INFO] 
[INFO] --- compiler:3.11.0:compile (default-compile) @ goimay-backend ---
[INFO] Changes detected - recompiling the module! :source
[INFO] Compiling 83 source files with javac [debug release 17] to target\classes
[INFO] /D:/EXE201/backend/src/main/java/com/goimay/service/ChatService.java: D:\EXE201\backend\src\main\java\com\goimay\service\ChatService.java uses unchecked or unsafe operations.
[INFO] /D:/EXE201/backend/src/main/java/com/goimay/service/ChatService.java: Recompile with -Xlint:unchecked for details.
[INFO] -------------------------------------------------------------
[ERROR] COMPILATION ERROR : 
[INFO] -------------------------------------------------------------
[ERROR] /D:/EXE201/backend/src/main/java/com/goimay/service/ChatService.java:[19,1] org.springframework.stereotype.Service is not a repeatable annotation type
[ERROR] /D:/EXE201/backend/src/main/java/com/goimay/service/ChatService.java:[20,1] lombok.RequiredArgsConstructor is not a repeatable annotation type
[ERROR] /D:/EXE201/backend/src/main/java/com/goimay/service/ChatService.java:[21,1] lombok.extern.slf4j.Slf4j is not a repeatable annotation type
[ERROR] /D:/EXE201/backend/src/main/java/com/goimay/service/ChatService.java:[61,17] cannot find symbol
  symbol:   variable log
  location: class com.goimay.service.ChatService
[ERROR] /D:/EXE201/backend/src/main/java/com/goimay/service/ChatService.java:[110,13] cannot find symbol
  symbol:   variable log
  location: class com.goimay.service.ChatService
[ERROR] /D:/EXE201/backend/src/main/java/com/goimay/service/DataExportImportService.java:[56,13] cannot find symbol
  symbol:   variable log
  location: class com.goimay.service.DataExportImportService
[ERROR] /D:/EXE201/backend/src/main/java/com/goimay/service/DataExportImportService.java:[78,13] cannot find symbol
  symbol:   variable log
  location: class com.goimay.service.DataExportImportService
[ERROR] /D:/EXE201/backend/src/main/java/com/goimay/service/DataExportImportService.java:[83,13] cannot find symbol
  symbol:   variable log
  location: class com.goimay.service.DataExportImportService
[ERROR] /D:/EXE201/backend/src/main/java/com/goimay/service/DataExportImportService.java:[88,13] cannot find symbol
  symbol:   variable log
  location: class com.goimay.service.DataExportImportService
[ERROR] /D:/EXE201/backend/src/main/java/com/goimay/service/DataExportImportService.java:[90,13] cannot find symbol
  symbol:   variable log
  location: class com.goimay.service.DataExportImportService
[ERROR] /D:/EXE201/backend/src/main/java/com/goimay/service/DataExportImportService.java:[104,17] cannot find symbol
  symbol:   variable log
  location: class com.goimay.service.DataExportImportService
[ERROR] /D:/EXE201/backend/src/main/java/com/goimay/service/DataExportImportService.java:[118,21] cannot find symbol
  symbol:   variable log
  location: class com.goimay.service.DataExportImportService
[ERROR] /D:/EXE201/backend/src/main/java/com/goimay/service/DataExportImportService.java:[120,21] cannot find symbol
  symbol:   variable log
  location: class com.goimay.service.DataExportImportService
[ERROR] /D:/EXE201/backend/src/main/java/com/goimay/service/DataExportImportService.java:[124,13] cannot find symbol
  symbol:   variable log
  location: class com.goimay.service.DataExportImportService
[ERROR] /D:/EXE201/backend/src/main/java/com/goimay/service/DataExportImportService.java:[145,13] cannot find symbol
  symbol:   variable log
  location: class com.goimay.service.DataExportImportService
[ERROR] /D:/EXE201/backend/src/main/java/com/goimay/service/DataExportImportService.java:[169,33] cannot find symbol
  symbol:   variable log
  location: class com.goimay.service.DataExportImportService
[ERROR] /D:/EXE201/backend/src/main/java/com/goimay/service/DataExportImportService.java:[177,37] cannot find symbol
  symbol:   variable log
  location: class com.goimay.service.DataExportImportService
[ERROR] /D:/EXE201/backend/src/main/java/com/goimay/service/DataExportImportService.java:[185,17] cannot find symbol
  symbol:   variable log
  location: class com.goimay.service.DataExportImportService
[ERROR] /D:/EXE201/backend/src/main/java/com/goimay/service/DataExportImportService.java:[198,33] cannot find symbol
  symbol:   variable log
  location: class com.goimay.service.DataExportImportService
[ERROR] /D:/EXE201/backend/src/main/java/com/goimay/service/DataExportImportService.java:[206,37] cannot find symbol
  symbol:   variable log
  location: class com.goimay.service.DataExportImportService
[ERROR] /D:/EXE201/backend/src/main/java/com/goimay/service/DataExportImportService.java:[214,17] cannot find symbol
  symbol:   variable log
  location: class com.goimay.service.DataExportImportService
[ERROR] /D:/EXE201/backend/src/main/java/com/goimay/service/DataExportImportService.java:[226,13] cannot find symbol
  symbol:   variable log
  location: class com.goimay.service.DataExportImportService
[ERROR] /D:/EXE201/backend/src/main/java/com/goimay/service/DataExportImportService.java:[237,13] cannot find symbol
  symbol:   variable log
  location: class com.goimay.service.DataExportImportService
[ERROR] /D:/EXE201/backend/src/main/java/com/goimay/service/DataExportImportService.java:[238,13] cannot find symbol
  symbol:   variable log
  location: class com.goimay.service.DataExportImportService
[ERROR] /D:/EXE201/backend/src/main/java/com/goimay/service/DataExportImportService.java:[239,13] cannot find symbol
  symbol:   variable log
  location: class com.goimay.service.DataExportImportService
[ERROR] /D:/EXE201/backend/src/main/java/com/goimay/service/DataExportImportService.java:[240,13] cannot find symbol
  symbol:   variable log
  location: class com.goimay.service.DataExportImportService
[ERROR] /D:/EXE201/backend/src/main/java/com/goimay/service/DataExportImportService.java:[241,13] cannot find symbol
  symbol:   variable log
  location: class com.goimay.service.DataExportImportService
[ERROR] /D:/EXE201/backend/src/main/java/com/goimay/service/DataExportImportService.java:[242,13] cannot find symbol
  symbol:   variable log
  location: class com.goimay.service.DataExportImportService
[ERROR] /D:/EXE201/backend/src/main/java/com/goimay/service/DataExportImportService.java:[245,13] cannot find symbol
  symbol:   variable log
  location: class com.goimay.service.DataExportImportService
[ERROR] /D:/EXE201/backend/src/main/java/com/goimay/service/DataExportImportService.java:[249,17] cannot find symbol
  symbol:   variable log
  location: class com.goimay.service.DataExportImportService
[ERROR] /D:/EXE201/backend/src/main/java/com/goimay/service/DataExportImportService.java:[265,17] cannot find symbol
  symbol:   variable log
  location: class com.goimay.service.DataExportImportService
[ERROR] /D:/EXE201/backend/src/main/java/com/goimay/service/DataExportImportService.java:[273,17] cannot find symbol
  symbol:   variable log
  location: class com.goimay.service.DataExportImportService
[ERROR] /D:/EXE201/backend/src/main/java/com/goimay/service/DataExportImportService.java:[287,17] cannot find symbol
  symbol:   variable log
  location: class com.goimay.service.DataExportImportService
[ERROR] /D:/EXE201/backend/src/main/java/com/goimay/service/DataExportImportService.java:[293,17] cannot find symbol
  symbol:   variable log
  location: class com.goimay.service.DataExportImportService
[ERROR] /D:/EXE201/backend/src/main/java/com/goimay/service/DataExportImportService.java:[299,17] cannot find symbol
  symbol:   variable log
  location: class com.goimay.service.DataExportImportService
[ERROR] /D:/EXE201/backend/src/main/java/com/goimay/service/DataExportImportService.java:[311,17] cannot find symbol
  symbol:   variable log
  location: class com.goimay.service.DataExportImportService
[ERROR] /D:/EXE201/backend/src/main/java/com/goimay/service/DataExportImportService.java:[326,17] cannot find symbol
  symbol:   variable log
  location: class com.goimay.service.DataExportImportService
[ERROR] /D:/EXE201/backend/src/main/java/com/goimay/service/DataExportImportService.java:[351,17] cannot find symbol
  symbol:   variable log
  location: class com.goimay.service.DataExportImportService
[ERROR] /D:/EXE201/backend/src/main/java/com/goimay/service/DataExportImportService.java:[382,17] cannot find symbol
  symbol:   variable log
  location: class com.goimay.service.DataExportImportService
[ERROR] /D:/EXE201/backend/src/main/java/com/goimay/service/DataExportImportService.java:[385,13] cannot find symbol
  symbol:   variable log
  location: class com.goimay.service.DataExportImportService
[ERROR] /D:/EXE201/backend/src/main/java/com/goimay/service/DataExportImportService.java:[388,13] cannot find symbol
  symbol:   variable log
  location: class com.goimay.service.DataExportImportService
[ERROR] /D:/EXE201/backend/src/main/java/com/goimay/config/DataInitializer.java:[71,30] cannot find symbol
  symbol:   method builder()
  location: class com.goimay.model.User
[ERROR] /D:/EXE201/backend/src/main/java/com/goimay/service/AuthService.java:[43,25] cannot find symbol
  symbol:   method builder()
  location: class com.goimay.model.User
[ERROR] /D:/EXE201/backend/src/main/java/com/goimay/service/AuthService.java:[102,28] cannot find symbol
  symbol:   method builder()
  location: class com.goimay.model.User
[ERROR] /D:/EXE201/backend/src/main/java/com/goimay/scheduler/KeepAliveScheduler.java:[22,13] cannot find symbol
  symbol:   variable log
  location: class com.goimay.scheduler.KeepAliveScheduler
[ERROR] /D:/EXE201/backend/src/main/java/com/goimay/scheduler/KeepAliveScheduler.java:[28,13] cannot find symbol
  symbol:   variable log
  location: class com.goimay.scheduler.KeepAliveScheduler
[ERROR] /D:/EXE201/backend/src/main/java/com/goimay/scheduler/KeepAliveScheduler.java:[30,13] cannot find symbol
  symbol:   variable log
  location: class com.goimay.scheduler.KeepAliveScheduler
[ERROR] /D:/EXE201/backend/src/main/java/com/goimay/scheduler/KeepAliveScheduler.java:[32,13] cannot find symbol
  symbol:   variable log
  location: class com.goimay.scheduler.KeepAliveScheduler
[ERROR] /D:/EXE201/backend/src/main/java/com/goimay/config/SchemaMigrationRunner.java:[26,13] cannot find symbol
  symbol:   variable log
  location: class com.goimay.config.SchemaMigrationRunner
[ERROR] /D:/EXE201/backend/src/main/java/com/goimay/config/SchemaMigrationRunner.java:[32,13] cannot find symbol
  symbol:   variable log
  location: class com.goimay.config.SchemaMigrationRunner
[ERROR] /D:/EXE201/backend/src/main/java/com/goimay/service/CloudinaryService.java:[43,9] cannot find symbol
  symbol:   variable log
  location: class com.goimay.service.CloudinaryService
[ERROR] /D:/EXE201/backend/src/main/java/com/goimay/service/CloudinaryService.java:[55,13] cannot find symbol
  symbol:   variable log
  location: class com.goimay.service.CloudinaryService
[ERROR] /D:/EXE201/backend/src/main/java/com/goimay/service/CloudinaryService.java:[57,13] cannot find symbol
  symbol:   variable log
  location: class com.goimay.service.CloudinaryService
[INFO] 53 errors 
[INFO] -------------------------------------------------------------
[INFO] ------------------------------------------------------------------------
[INFO] BUILD FAILURE
[INFO] ------------------------------------------------------------------------
[INFO] Total time:  3.517 s
[INFO] Finished at: 2026-01-27T02:31:15+07:00
[INFO] ------------------------------------------------------------------------
[ERROR] Failed to execute goal org.apache.maven.plugins:maven-compiler-plugin:3.11.0:compile (default-compile) on project goimay-backend: Compilation failure: Compilation failure: 
[ERROR] /D:/EXE201/backend/src/main/java/com/goimay/service/ChatService.java:[19,1] org.springframework.stereotype.Service is not a repeatable annotation type
[ERROR] /D:/EXE201/backend/src/main/java/com/goimay/service/ChatService.java:[20,1] lombok.RequiredArgsConstructor is not a repeatable annotation type
[ERROR] /D:/EXE201/backend/src/main/java/com/goimay/service/ChatService.java:[21,1] lombok.extern.slf4j.Slf4j is not a repeatable annotation type
[ERROR] /D:/EXE201/backend/src/main/java/com/goimay/service/ChatService.java:[61,17] cannot find symbol
[ERROR]   symbol:   variable log
[ERROR]   location: class com.goimay.service.ChatService
[ERROR] /D:/EXE201/backend/src/main/java/com/goimay/service/ChatService.java:[110,13] cannot find symbol
[ERROR]   symbol:   variable log
[ERROR]   location: class com.goimay.service.ChatService
[ERROR] /D:/EXE201/backend/src/main/java/com/goimay/service/DataExportImportService.java:[56,13] cannot find symbol
[ERROR]   symbol:   variable log
[ERROR]   location: class com.goimay.service.DataExportImportService
[ERROR] /D:/EXE201/backend/src/main/java/com/goimay/service/DataExportImportService.java:[78,13] cannot find symbol
[ERROR]   symbol:   variable log
[ERROR]   location: class com.goimay.service.DataExportImportService
[ERROR] /D:/EXE201/backend/src/main/java/com/goimay/service/DataExportImportService.java:[83,13] cannot find symbol
[ERROR]   symbol:   variable log
[ERROR]   location: class com.goimay.service.DataExportImportService
[ERROR] /D:/EXE201/backend/src/main/java/com/goimay/service/DataExportImportService.java:[88,13] cannot find symbol
[ERROR]   symbol:   variable log
[ERROR]   location: class com.goimay.service.DataExportImportService
[ERROR] /D:/EXE201/backend/src/main/java/com/goimay/service/DataExportImportService.java:[90,13] cannot find symbol
[ERROR]   symbol:   variable log
[ERROR]   location: class com.goimay.service.DataExportImportService
[ERROR] /D:/EXE201/backend/src/main/java/com/goimay/service/DataExportImportService.java:[104,17] cannot find symbol
[ERROR]   symbol:   variable log
[ERROR]   location: class com.goimay.service.DataExportImportService
[ERROR] /D:/EXE201/backend/src/main/java/com/goimay/service/DataExportImportService.java:[118,21] cannot find symbol
[ERROR]   symbol:   variable log
[ERROR]   location: class com.goimay.service.DataExportImportService
[ERROR] /D:/EXE201/backend/src/main/java/com/goimay/service/DataExportImportService.java:[120,21] cannot find symbol
[ERROR]   symbol:   variable log
[ERROR]   location: class com.goimay.service.DataExportImportService
[ERROR] /D:/EXE201/backend/src/main/java/com/goimay/service/DataExportImportService.java:[124,13] cannot find symbol
[ERROR]   symbol:   variable log
[ERROR]   location: class com.goimay.service.DataExportImportService
[ERROR] /D:/EXE201/backend/src/main/java/com/goimay/service/DataExportImportService.java:[145,13] cannot find symbol
[ERROR]   symbol:   variable log
[ERROR]   location: class com.goimay.service.DataExportImportService
[ERROR] /D:/EXE201/backend/src/main/java/com/goimay/service/DataExportImportService.java:[169,33] cannot find symbol
[ERROR]   symbol:   variable log
[ERROR]   location: class com.goimay.service.DataExportImportService
[ERROR] /D:/EXE201/backend/src/main/java/com/goimay/service/DataExportImportService.java:[177,37] cannot find symbol
[ERROR]   symbol:   variable log
[ERROR]   location: class com.goimay.service.DataExportImportService
[ERROR] /D:/EXE201/backend/src/main/java/com/goimay/service/DataExportImportService.java:[185,17] cannot find symbol
[ERROR]   symbol:   variable log
[ERROR]   location: class com.goimay.service.DataExportImportService
[ERROR] /D:/EXE201/backend/src/main/java/com/goimay/service/DataExportImportService.java:[198,33] cannot find symbol
[ERROR]   symbol:   variable log
[ERROR]   location: class com.goimay.service.DataExportImportService
[ERROR] /D:/EXE201/backend/src/main/java/com/goimay/service/DataExportImportService.java:[206,37] cannot find symbol
[ERROR]   symbol:   variable log
[ERROR]   location: class com.goimay.service.DataExportImportService
[ERROR] /D:/EXE201/backend/src/main/java/com/goimay/service/DataExportImportService.java:[214,17] cannot find symbol
[ERROR]   symbol:   variable log
[ERROR]   location: class com.goimay.service.DataExportImportService
[ERROR] /D:/EXE201/backend/src/main/java/com/goimay/service/DataExportImportService.java:[226,13] cannot find symbol
[ERROR]   symbol:   variable log
[ERROR]   location: class com.goimay.service.DataExportImportService
[ERROR] /D:/EXE201/backend/src/main/java/com/goimay/service/DataExportImportService.java:[237,13] cannot find symbol
[ERROR]   symbol:   variable log
[ERROR]   location: class com.goimay.service.DataExportImportService
[ERROR] /D:/EXE201/backend/src/main/java/com/goimay/service/DataExportImportService.java:[238,13] cannot find symbol
[ERROR]   symbol:   variable log
[ERROR]   location: class com.goimay.service.DataExportImportService
[ERROR] /D:/EXE201/backend/src/main/java/com/goimay/service/DataExportImportService.java:[239,13] cannot find symbol
[ERROR]   symbol:   variable log
[ERROR]   location: class com.goimay.service.DataExportImportService
[ERROR] /D:/EXE201/backend/src/main/java/com/goimay/service/DataExportImportService.java:[240,13] cannot find symbol
[ERROR]   symbol:   variable log
[ERROR]   location: class com.goimay.service.DataExportImportService
[ERROR] /D:/EXE201/backend/src/main/java/com/goimay/service/DataExportImportService.java:[241,13] cannot find symbol
[ERROR]   symbol:   variable log
[ERROR]   location: class com.goimay.service.DataExportImportService
[ERROR] /D:/EXE201/backend/src/main/java/com/goimay/service/DataExportImportService.java:[242,13] cannot find symbol
[ERROR]   symbol:   variable log
[ERROR]   location: class com.goimay.service.DataExportImportService
[ERROR] /D:/EXE201/backend/src/main/java/com/goimay/service/DataExportImportService.java:[245,13] cannot find symbol
[ERROR]   symbol:   variable log
[ERROR]   location: class com.goimay.service.DataExportImportService
[ERROR] /D:/EXE201/backend/src/main/java/com/goimay/service/DataExportImportService.java:[249,17] cannot find symbol
[ERROR]   symbol:   variable log
[ERROR]   location: class com.goimay.service.DataExportImportService
[ERROR] /D:/EXE201/backend/src/main/java/com/goimay/service/DataExportImportService.java:[265,17] cannot find symbol
[ERROR]   symbol:   variable log
[ERROR]   location: class com.goimay.service.DataExportImportService
[ERROR] /D:/EXE201/backend/src/main/java/com/goimay/service/DataExportImportService.java:[273,17] cannot find symbol
[ERROR]   symbol:   variable log
[ERROR]   location: class com.goimay.service.DataExportImportService
[ERROR] /D:/EXE201/backend/src/main/java/com/goimay/service/DataExportImportService.java:[287,17] cannot find symbol
[ERROR]   symbol:   variable log
[ERROR]   location: class com.goimay.service.DataExportImportService
[ERROR] /D:/EXE201/backend/src/main/java/com/goimay/service/DataExportImportService.java:[293,17] cannot find symbol
[ERROR]   symbol:   variable log
[ERROR]   location: class com.goimay.service.DataExportImportService
[ERROR] /D:/EXE201/backend/src/main/java/com/goimay/service/DataExportImportService.java:[299,17] cannot find symbol
[ERROR]   symbol:   variable log
[ERROR]   location: class com.goimay.service.DataExportImportService
[ERROR] /D:/EXE201/backend/src/main/java/com/goimay/service/DataExportImportService.java:[311,17] cannot find symbol
[ERROR]   symbol:   variable log
[ERROR]   location: class com.goimay.service.DataExportImportService
[ERROR] /D:/EXE201/backend/src/main/java/com/goimay/service/DataExportImportService.java:[326,17] cannot find symbol
[ERROR]   symbol:   variable log
[ERROR]   location: class com.goimay.service.DataExportImportService
[ERROR] /D:/EXE201/backend/src/main/java/com/goimay/service/DataExportImportService.java:[351,17] cannot find symbol
[ERROR]   symbol:   variable log
[ERROR]   location: class com.goimay.service.DataExportImportService
[ERROR] /D:/EXE201/backend/src/main/java/com/goimay/service/DataExportImportService.java:[382,17] cannot find symbol
[ERROR]   symbol:   variable log
[ERROR]   location: class com.goimay.service.DataExportImportService
[ERROR] /D:/EXE201/backend/src/main/java/com/goimay/service/DataExportImportService.java:[385,13] cannot find symbol
[ERROR]   symbol:   variable log
[ERROR]   location: class com.goimay.service.DataExportImportService
[ERROR] /D:/EXE201/backend/src/main/java/com/goimay/service/DataExportImportService.java:[388,13] cannot find symbol
[ERROR]   symbol:   variable log
[ERROR]   location: class com.goimay.service.DataExportImportService
[ERROR] /D:/EXE201/backend/src/main/java/com/goimay/config/DataInitializer.java:[71,30] cannot find symbol
[ERROR]   symbol:   method builder()
[ERROR]   location: class com.goimay.model.User
[ERROR] /D:/EXE201/backend/src/main/java/com/goimay/service/AuthService.java:[43,25] cannot find symbol
[ERROR]   symbol:   method builder()
[ERROR]   location: class com.goimay.model.User
[ERROR] /D:/EXE201/backend/src/main/java/com/goimay/service/AuthService.java:[102,28] cannot find symbol
[ERROR]   symbol:   method builder()
[ERROR]   location: class com.goimay.model.User
[ERROR] /D:/EXE201/backend/src/main/java/com/goimay/scheduler/KeepAliveScheduler.java:[22,13] cannot find symbol
[ERROR]   symbol:   variable log
[ERROR]   location: class com.goimay.scheduler.KeepAliveScheduler
[ERROR] /D:/EXE201/backend/src/main/java/com/goimay/scheduler/KeepAliveScheduler.java:[28,13] cannot find symbol
[ERROR]   symbol:   variable log
[ERROR]   location: class com.goimay.scheduler.KeepAliveScheduler
[ERROR] /D:/EXE201/backend/src/main/java/com/goimay/scheduler/KeepAliveScheduler.java:[30,13] cannot find symbol
[ERROR]   symbol:   variable log
[ERROR]   location: class com.goimay.scheduler.KeepAliveScheduler
[ERROR] /D:/EXE201/backend/src/main/java/com/goimay/scheduler/KeepAliveScheduler.java:[32,13] cannot find symbol
[ERROR]   symbol:   variable log
[ERROR]   location: class com.goimay.scheduler.KeepAliveScheduler
[ERROR] /D:/EXE201/backend/src/main/java/com/goimay/config/SchemaMigrationRunner.java:[26,13] cannot find symbol
[ERROR]   symbol:   variable log
[ERROR]   location: class com.goimay.config.SchemaMigrationRunner
[ERROR] /D:/EXE201/backend/src/main/java/com/goimay/config/SchemaMigrationRunner.java:[32,13] cannot find symbol
[ERROR]   symbol:   variable log
[ERROR]   location: class com.goimay.config.SchemaMigrationRunner
[ERROR] /D:/EXE201/backend/src/main/java/com/goimay/service/CloudinaryService.java:[43,9] cannot find symbol
[ERROR]   symbol:   variable log
[ERROR]   location: class com.goimay.service.CloudinaryService
[ERROR] /D:/EXE201/backend/src/main/java/com/goimay/service/CloudinaryService.java:[55,13] cannot find symbol
[ERROR]   symbol:   variable log
[ERROR]   location: class com.goimay.service.CloudinaryService
[ERROR] /D:/EXE201/backend/src/main/java/com/goimay/service/CloudinaryService.java:[57,13] cannot find symbol
[ERROR]   symbol:   variable log
[ERROR]   location: class com.goimay.service.CloudinaryService
[ERROR] -> [Help 1]
[ERROR] 
[ERROR] To see the full stack trace of the errors, re-run Maven with the -e switch.
[ERROR] Re-run Maven using the -X switch to enable full debug logging.
[ERROR] 
[ERROR] For more information about the errors and possible solutions, please read the following articles:
[ERROR] [Help 1] http://cwiki.apache.org/confluence/display/MAVEN/MojoFailureException
